{
  "stats": {
    "suites": 5,
    "tests": 7,
    "passes": 7,
    "pending": 0,
    "failures": 0,
    "start": "2022-07-12T19:15:43.112Z",
    "end": "2022-07-12T19:16:33.540Z",
    "duration": 50428,
    "testsRegistered": 7,
    "passPercent": 100,
    "pendingPercent": 0,
    "other": 0,
    "hasOther": false,
    "skipped": 0,
    "hasSkipped": false
  },
  "results": [
    {
      "uuid": "70104268-09e4-454a-b16c-b9f6f126fb7f",
      "title": "",
      "fullFile": "cypress\\e2e\\amazon.cy.js",
      "file": "cypress\\e2e\\amazon.cy.js",
      "beforeHooks": [],
      "afterHooks": [],
      "tests": [],
      "suites": [
        {
          "uuid": "3281ec72-d215-4e83-b2c7-11b87c0a5212",
          "title": "Scenario 1 - home page access",
          "fullFile": "",
          "file": "",
          "beforeHooks": [],
          "afterHooks": [],
          "tests": [
            {
              "title": "User can access a home page",
              "fullTitle": "Scenario 1 - home page access User can access a home page",
              "timedOut": null,
              "duration": 20743,
              "state": "passed",
              "speed": "slow",
              "pass": true,
              "fail": false,
              "pending": false,
              "context": null,
              "code": "classObj.navigate('https://www.amazon.ca'); //navigating to URL\ncy.wait(2000);\nclassObj.navigateHome(); //navigating to home page\nclassObj.urlLookup('_ref', 'nav_cs_home'); //confirm user is viewing home page",
              "err": {},
              "uuid": "7203ef55-281a-4cd2-94ee-684e07d1d146",
              "parentUUID": "3281ec72-d215-4e83-b2c7-11b87c0a5212",
              "isHook": false,
              "skipped": false
            }
          ],
          "suites": [],
          "passes": [
            "7203ef55-281a-4cd2-94ee-684e07d1d146"
          ],
          "failures": [],
          "pending": [],
          "skipped": [],
          "duration": 20743,
          "root": false,
          "rootEmpty": false,
          "_timeout": 2000
        },
        {
          "uuid": "a5a608de-5483-4f80-92dc-b2d620201cb7",
          "title": "View product list",
          "fullFile": "",
          "file": "",
          "beforeHooks": [],
          "afterHooks": [],
          "tests": [
            {
              "title": "User can search and view the product",
              "fullTitle": "View product list User can search and view the product",
              "timedOut": null,
              "duration": 5506,
              "state": "passed",
              "speed": "medium",
              "pass": true,
              "fail": false,
              "pending": false,
              "context": null,
              "code": "classObj.searchProduct('iPad'); //searching product\nclassObj.viewingProductList('results'); //confirm user is viewing searched product list",
              "err": {},
              "uuid": "60b2dc5f-44e5-4855-b0ba-7005e0051799",
              "parentUUID": "a5a608de-5483-4f80-92dc-b2d620201cb7",
              "isHook": false,
              "skipped": false
            }
          ],
          "suites": [],
          "passes": [
            "60b2dc5f-44e5-4855-b0ba-7005e0051799"
          ],
          "failures": [],
          "pending": [],
          "skipped": [],
          "duration": 5506,
          "root": false,
          "rootEmpty": false,
          "_timeout": 2000
        },
        {
          "uuid": "f4a07cc7-9b83-4f2b-bec4-bc6a19f503a1",
          "title": "Product Details",
          "fullFile": "",
          "file": "",
          "beforeHooks": [],
          "afterHooks": [],
          "tests": [
            {
              "title": "User can view product details",
              "fullTitle": "Product Details User can view product details",
              "timedOut": null,
              "duration": 5378,
              "state": "passed",
              "speed": "medium",
              "pass": true,
              "fail": false,
              "pending": false,
              "context": null,
              "code": "classObj.selectProduct(); // selecting product from the list retrieved\nclassObj.viewingDescription('About this item'); //confirm user is on description page by looking a keyword\n// second way to confirm user is on description page\nif (cy.contains('Buy now')) {\n  cy.log('passed: user can view product details');\n}\nclassObj.getquantity(); //getting quatity on description page\nclassObj.getprice(); //getting price on description page",
              "err": {},
              "uuid": "e34d610b-b768-4a11-a723-c55c6b8a7906",
              "parentUUID": "f4a07cc7-9b83-4f2b-bec4-bc6a19f503a1",
              "isHook": false,
              "skipped": false
            }
          ],
          "suites": [],
          "passes": [
            "e34d610b-b768-4a11-a723-c55c6b8a7906"
          ],
          "failures": [],
          "pending": [],
          "skipped": [],
          "duration": 5378,
          "root": false,
          "rootEmpty": false,
          "_timeout": 2000
        },
        {
          "uuid": "f349032d-debe-42a1-82c3-82f1fb6965da",
          "title": "Add to cart",
          "fullFile": "",
          "file": "",
          "beforeHooks": [],
          "afterHooks": [],
          "tests": [
            {
              "title": "User can add product(s) to cart/checkout flow",
              "fullTitle": "Add to cart User can add product(s) to cart/checkout flow",
              "timedOut": null,
              "duration": 11562,
              "state": "passed",
              "speed": "slow",
              "pass": true,
              "fail": false,
              "pending": false,
              "context": null,
              "code": "cy.wait(3000);\nclassObj.addToCartButton(); // adding selected product to cart\ncy.wait(2000); //checking for apple care\nif (cy.contains('AppleCare+')) {\n  classObj.noCoverageButton();\n} // checking add to cart confirmation (if needed)\n\nif (cy.get('h5').should('contain', 'Please confirm')) {\n  classObj.confirmAddToCartButton(); //confirming add to cart\n  classObj.checkItemCount('1 item'); //checking successfully added\n} else {\n  classObj.addToCartConfirmationContainer('Added to Cart'); // looking for Added to cart message\n  classObj.goToCart(); // clicking add to cart button\n}",
              "err": {},
              "uuid": "0d47bc70-c17e-438d-8829-e70d8e6cca75",
              "parentUUID": "f349032d-debe-42a1-82c3-82f1fb6965da",
              "isHook": false,
              "skipped": false
            }
          ],
          "suites": [],
          "passes": [
            "0d47bc70-c17e-438d-8829-e70d8e6cca75"
          ],
          "failures": [],
          "pending": [],
          "skipped": [],
          "duration": 11562,
          "root": false,
          "rootEmpty": false,
          "_timeout": 2000
        },
        {
          "uuid": "ba511e3c-8211-456e-8c2d-dce79c08a6aa",
          "title": "cart and checkout test cases",
          "fullFile": "",
          "file": "",
          "beforeHooks": [],
          "afterHooks": [],
          "tests": [
            {
              "title": "The price and item count in the cart/checkout matches the description",
              "fullTitle": "cart and checkout test cases The price and item count in the cart/checkout matches the description",
              "timedOut": null,
              "duration": 411,
              "state": "passed",
              "speed": "fast",
              "pass": true,
              "fail": false,
              "pending": false,
              "context": null,
              "code": "classObj.confirmPrice(); // confirming quantity and price\nclassObj.confirmQty();",
              "err": {},
              "uuid": "670a84da-5d62-43c7-8542-0e6af79ceb7e",
              "parentUUID": "ba511e3c-8211-456e-8c2d-dce79c08a6aa",
              "isHook": false,
              "skipped": false
            },
            {
              "title": "Able to continue to checkout page",
              "fullTitle": "cart and checkout test cases Able to continue to checkout page",
              "timedOut": null,
              "duration": 1899,
              "state": "passed",
              "speed": "fast",
              "pass": true,
              "fail": false,
              "pending": false,
              "context": null,
              "code": "classObj.proceedToCheckout(); // clicking proceed to checkout button\nclassObj.urlLookup('pageID', 'checkout'); //confirming user is on checkout page",
              "err": {},
              "uuid": "ed0fe80f-26b2-4009-aae1-3b90d5ed8459",
              "parentUUID": "ba511e3c-8211-456e-8c2d-dce79c08a6aa",
              "isHook": false,
              "skipped": false
            },
            {
              "title": "Entering invalid/bad data results in displaying error message",
              "fullTitle": "cart and checkout test cases Entering invalid/bad data results in displaying error message",
              "timedOut": null,
              "duration": 2610,
              "state": "passed",
              "speed": "fast",
              "pass": true,
              "fail": false,
              "pending": false,
              "context": null,
              "code": "classObj.emailTextBox('test.ca'); // entering invalid Email\nclassObj.continueSignInButton(); //continue button\nclassObj.cookiesButton(); // previous button\nclassObj.continueSignInButton(); //continue button\nclassObj.errMsg(); //locating and confirming error message",
              "err": {},
              "uuid": "f7049671-f868-41e5-a05c-6309f4273d69",
              "parentUUID": "ba511e3c-8211-456e-8c2d-dce79c08a6aa",
              "isHook": false,
              "skipped": false
            }
          ],
          "suites": [],
          "passes": [
            "670a84da-5d62-43c7-8542-0e6af79ceb7e",
            "ed0fe80f-26b2-4009-aae1-3b90d5ed8459",
            "f7049671-f868-41e5-a05c-6309f4273d69"
          ],
          "failures": [],
          "pending": [],
          "skipped": [],
          "duration": 4920,
          "root": false,
          "rootEmpty": false,
          "_timeout": 2000
        }
      ],
      "passes": [],
      "failures": [],
      "pending": [],
      "skipped": [],
      "duration": 0,
      "root": true,
      "rootEmpty": true,
      "_timeout": 2000
    }
  ],
  "meta": {
    "mocha": {
      "version": "7.0.1"
    },
    "mochawesome": {
      "options": {
        "quiet": false,
        "reportFilename": "mochawesome",
        "saveHtml": false,
        "saveJson": true,
        "consoleReporter": "spec",
        "useInlineDiffs": false,
        "code": true
      },
      "version": "7.1.3"
    },
    "marge": {
      "options": {
        "charts": true,
        "overwrite": true,
        "html": false,
        "json": true,
        "reportDir": "cypress/reports/"
      },
      "version": "6.2.0"
    }
  }
}